<?xml version="1.0" encoding="UTF-8"?>
<testng-results total="1" passed="1" failed="0" skipped="0">
  <reporter-output>
    <line>
      <![CDATA[verifyTwitterRegisterPageHappeningtxt]]>
    </line>
    <line>
      <![CDATA[verifyTwitterRegisterPageJoiningtxt]]>
    </line>
    <line>
      <![CDATA[verifyTwitterRegisterPageAlreadytxt]]>
    </line>
    <line>
      <![CDATA[verifyTwitterRegisterPageSignuptxt]]>
    </line>
    <line>
      <![CDATA[verifyTwitterRegisterPageAppletxt]]>
    </line>
    <line>
      <![CDATA[verifyTwitterRegisterPageFooterlinks]]>
    </line>
    <line>
      <![CDATA[clickTwitterRegisterPageSignupbtn]]>
    </line>
  </reporter-output>
  <suite started-at="2022-08-10T13:42:39Z" name="Surefire suite" finished-at="2022-08-10T13:42:55Z" duration-ms="16316">
    <groups>
    </groups>
    <test started-at="2022-08-10T13:42:39Z" name="Surefire test" finished-at="2022-08-10T13:42:55Z" duration-ms="16316">
      <class name="com.prasadchavan.qa.TestCases.TwitterLoginTestCase">
        <test-method is-config="true" signature="setupbrowser()" started-at="2022-08-10T13:42:39Z" name="setupbrowser" finished-at="2022-08-10T13:42:47Z" duration-ms="8288" status="PASS">
        </test-method>
        <test-method signature="TwitterRegisterTesting()" started-at="2022-08-10T13:42:47Z" name="TwitterRegisterTesting" finished-at="2022-08-10T13:42:51Z" duration-ms="3764" status="PASS">
        </test-method>
        <test-method is-config="true" signature="close()" started-at="2022-08-10T13:42:51Z" name="close" finished-at="2022-08-10T13:42:55Z" duration-ms="4240" status="PASS">
        </test-method>
      </class>
    </test>
  </suite>
</testng-results>
